               .deffile adi_defs__1.asm
               .deffile ddi_defs__1.asm
               .deffile reg_defs__1.asm
               .deffile sce_defs__1.asm

               ; Number of supported tasks
               .define TASK_COUNT      2

               ; Sensor Controller clock frequency in active mode
               .define ACTIVE_MODE_SCE_CLK_FREQ_MHZ    24

               ; Resource-specified definitions, if any
               .define UART_TX_BUFFER_SIZE     64
               .define UART_RX_BUFFER_SIZE     64
               .define AUXIO_UART_TX           15
               .define AUXIO_UART_RX           16
               .alias  uartTaskName            uartEmulator


               .segment begin "Framework"


               VectorTable:
                                       ; SW 0
0000 ---- 140e                         jsr         PowerUp
0001 ---- 0417                         jmp         TaskCtrlReqVector
                                       ; SW 1
0002 ---- 140e                         jsr         PowerUp
0003 ---- 0438                         jmp         EventManTrigVector
                                       ; PROG 0
0004 ---- 140e                         jsr         PowerUp
0005 ---- 0442                         jmp         AonRtcCh2Vector
                                       ; PROG 1
0006 ---- 140e                         jsr         PowerUp
0007 ---- 045f                         jmp         Event0Vector
                                       ; PROG 2
0008 ---- 140e                         jsr         PowerUp
0009 ---- 0468                         jmp         Event1Vector
                                       ; PROG 3
000a ---- 140e                         jsr         PowerUp
000b ---- 0471                         jmp         Event2Vector
                                       ; SW 2
000c ---- 140e                         jsr         PowerUp
000d ---- 047a                         jmp         TaskAlertAckVector




               PowerUp:
                                       ; Make sure that the last operation mode request has taken effect
000e ---- 8953                         in          R0, [#IOP_SYSIF_OPMODEREQ]
000f ---- 9954 /waitForOpmodeSync:     in          R1, [#IOP_SYSIF_OPMODEACK]
0010 ---- 8d29                         cmp         R0, R1
0011 ---- befd                         bneq        /waitForOpmodeSync

                                       ; Deassert the power-down request
0012 ---- 4553                         iobclr      #IOB_SYSIF_OPMODE_PD, [#IOP_SYSIF_OPMODEREQ]

                                       ; Wait for it to take effect
0013 ---- 2554 /waitForOpmodeAck:      iobtst      #IOB_SYSIF_OPMODE_PD, [#IOP_SYSIF_OPMODEACK]
0014 ---- aefe                         biob1       /waitForOpmodeAck

                                       ; Prevent wake-up events from propagating to the AON domain
0015 ---- 445c                         iobclr      #0, [#IOP_SYSIF_WUGATE]

               FwEmptyFunc:            ; Done
0016 ---- adb7                         rts




               TaskCtrlReqVector:
                                       ; Clear wake-up event
0017 ---- 745b                         iobset      #IOB_SYSIF_WUFLAGS_SW_WU0, [#IOP_SYSIF_WUFLAGSCLR]
0018 ---- 545b                         iobclr      #IOB_SYSIF_WUFLAGS_SW_WU0, [#IOP_SYSIF_WUFLAGSCLR]

                                       ; For each task ...
0019 ---- 7000                         ld          R7, #0
               /loop:
                                           ; Save the task ID
001a ---- 7ca6                             st          R7, [#fwCtrlInt/taskId]

                                           ; Handle initialize request, if any
001b ---- 68af                             ld          R6, [#fwCtrlExt/bvTaskInitializeReq]
001c ---- 00a0                             ld          R0, #pFwTaskInitializeFuncTable
001d ---- 1431                             jsr         /handleReq

                                           ; Handle execute request, if any
001e ---- 68b0                             ld          R6, [#fwCtrlExt/bvTaskExecuteReq]
001f ---- 00a2                             ld          R0, #pFwTaskExecuteFuncTable
0020 ---- 1431                             jsr         /handleReq

                                           ; Handle terminate request, if any
0021 ---- 68b1                             ld          R6, [#fwCtrlExt/bvTaskTerminateReq]
0022 ---- 00a4                             ld          R0, #pFwTaskTerminateFuncTable
0023 ---- 1431                             jsr         /handleReq

                                           ; Move on to the next task
0024 ---- 78a6                             ld          R7, [#fwCtrlInt/taskId]
0025 ---- f801                             add         R7, #1

0026 ---- fa02                         cmp         R7, #TASK_COUNT
0027 ---- bef2                         bneq        /loop

                                       ; Update which tasks are ...
0028 ---- 78ad                         ld          R7, [#fwCtrlExt/bvActiveTasks]
                                       ; ... currently active ...
0029 ---- 68af                         ld          R6, [#fwCtrlExt/bvTaskInitializeReq]
002a ---- fd0e                         or          R7, R6
                                       ; ... and inactive ...
002b ---- 68b1                         ld          R6, [#fwCtrlExt/bvTaskTerminateReq]
002c ---- ed92                         inv         R6
002d ---- fd06                         and         R7, R6
002e ---- 7cad                         st          R7, [#fwCtrlExt/bvActiveTasks]

                                       ; We're READY for another request
002f ---- 6440                         iobset      #IOB_EVCTL_SWEV_READY, [#IOP_EVCTL_SWEVSET]

                                       ; Generate an ALERT interrupt (if requested) and return to sleep
0030 ---- 047f                         jmp         PowerDownSequence;

               /handleReq:
                                       ; Restore the task ID, and load the function pointer (here to avoid pipeline hazard)
0031 ---- 78a6                         ld          R7, [#fwCtrlInt/taskId]
0032 ---- 8f1f                         ld          R0, [R7+R0]

                                       ; Skip this request?
0033 ---- ed8f                         lsr         R6, R7
0034 ---- ec01                         tst         R6, #0x0001
0035 ---- be01                         bnz         /noSkip
0036 ---- adb7                             rts
               /noSkip:
                                       ; Make the call by jump, with return (rts) in the "called" function
0037 ---- 8db7                         jmp         R0




               EventManTrigVector:
                                       ; Clear wake-up event
0038 ---- 755b                         iobset      #IOB_SYSIF_WUFLAGS_SW_WU1, [#IOP_SYSIF_WUFLAGSCLR]
0039 ---- 555b                         iobclr      #IOB_SYSIF_WUFLAGS_SW_WU1, [#IOP_SYSIF_WUFLAGSCLR]

                                       ; Reconfigure the programmable wake-up, and trigger it
003a ---- 78ab                         ld          R7, [#fwCtrlInt/progwucfgManTrigReg]
003b ---- 60bf                         ld          R6, #(BV_SYSIF_PROGWUCFG_POL | SYSIF_PROGWUCFG_SRC_NO_EVENT)
003c ---- ef27                         out         R6, [R7]
003d ---- e240                         or          R6, #BV_SYSIF_PROGWUCFG_EN
003e ---- ef27                         out         R6, [R7]

                                       ; Indicate completion
003f ---- 7000                         ld          R7, #0x0000
0040 ---- 7cab                         st          R7, [#fwCtrlInt/progwucfgManTrigReg]

                                       ; Generate an ALERT interrupt (if requested) and return to sleep
0041 ---- 047f                         jmp         PowerDownSequence;




               AonRtcCh2Vector:
                                       ; Start clearing the RTC event
0042 ---- 6477                         iobset      #0, [#IOP_SYSIF_RTCEVCLR]

                                       ; For each task (R0 is the current task ID) ...
0043 ---- 0000                         ld          R0, #0
               /loop:
                                           ; ... that is active ...
0044 ---- 18ad                             ld          R1, [#fwCtrlExt/bvActiveTasks]
0045 ---- 9d88                             lsr         R1, R0
0046 ---- 9c01                             tst         R1, #0x0001
0047 ---- b60e                             bz          /skip

                                               ; Fetch number of RTC intervals until next execution
0048 ---- 109e                                 ld          R1, #pFwTaskExecuteScheduleTable
0049 ---- af19                                 ld          R2, [R1+R0]

                                               ; If not already 0, decrement and store. If then 0 ...
004a ---- aa00                                 cmp         R2, #0
004b ---- b60a                                 beq         /skip
004c ---- a8ff                                 add         R2, #-1
004d ---- af39                                 st          R2, [R1+R0]
004e ---- be07                                 bnz         /skip

                                                   ; ... execute the task
004f ---- 0ca6                                     st          R0, [#fwCtrlInt/taskId]
0050 8600 88a2                                     add         R0, #pFwTaskExecuteFuncTable
0052 ---- 8f08                                     ld          R0, [R0]
                                                   ; Insert NOP to avoid pipeline hazard
0053 ---- fd47                                     nop
0054 ---- 9db7                                     jsr         R0
0055 ---- 08a6                                     ld          R0, [#fwCtrlInt/taskId]
               /skip:
                                           ; Move on to the next task
0056 ---- 8801                             add         R0, #1

0057 ---- 8a02                         cmp         R0, #TASK_COUNT
0058 ---- beeb                         bneq        /loop

                                       ; Wait for the RTC CH2 event clearing to finish
0059 ---- 254f /waitOnRtcEvClr:        iobtst      #IOB_EVCTL_EVSTAT2L_AON_RTC_CH2, [#IOP_EVCTL_EVSTAT2L]
005a ---- aefe                         biob1       /waitOnRtcEvClr

                                       ; Clear event edge detector
005b ---- 645b                         iobset      #IOB_SYSIF_WUFLAGS_PROG_WU0, [#IOP_SYSIF_WUFLAGSCLR]
005c ---- 445b                         iobclr      #IOB_SYSIF_WUFLAGS_PROG_WU0, [#IOP_SYSIF_WUFLAGSCLR]

                                       ; End clearing the RTC event
005d ---- 4477                         iobclr      #0, [#IOP_SYSIF_RTCEVCLR]

                                       ; Generate an ALERT interrupt (if requested) and return to sleep
005e ---- 047f                         jmp         PowerDownSequence;




               Event0Vector:
                                       ; Disable and clear wake-up event
005f ---- 5656                         iobclr      #IOB_SYSIF_PROGWUCFG_EN,        [#IOP_SYSIF_PROGWU1CFG] ; Disable source
0060 ---- 655b                         iobset      #IOB_SYSIF_WUFLAGS_PROG_WU1,    [#IOP_SYSIF_WUFLAGSCLR] ; Clear edge detector
0061 ---- 455b                         iobclr      #IOB_SYSIF_WUFLAGS_PROG_WU1,    [#IOP_SYSIF_WUFLAGSCLR]

                                       ; Set the task ID and active event index
0062 ---- 0000                         ld          R0, #0
0063 ---- 0ca6                         st          R0, [#fwCtrlInt/taskId]
0064 ---- 0001                         ld          R0, #(1 << 0)
0065 ---- 0ca7                         st          R0, [#fwCtrlInt/bvActiveEvent]

                                       ; Jump to the event task code
0066 ---- 1416                         jsr         FwEmptyFunc

                                       ; Generate an ALERT interrupt (if requested) and return to sleep
0067 ---- 047f                         jmp         PowerDownSequence;




               Event1Vector:
                                       ; Disable and clear wake-up event
0068 ---- 5657                         iobclr      #IOB_SYSIF_PROGWUCFG_EN,        [#IOP_SYSIF_PROGWU2CFG] ; Disable source
0069 ---- 665b                         iobset      #IOB_SYSIF_WUFLAGS_PROG_WU2,    [#IOP_SYSIF_WUFLAGSCLR] ; Clear edge detector
006a ---- 465b                         iobclr      #IOB_SYSIF_WUFLAGS_PROG_WU2,    [#IOP_SYSIF_WUFLAGSCLR]

                                       ; Set the task ID and active event index
006b ---- 0000                         ld          R0, #0
006c ---- 0ca6                         st          R0, [#fwCtrlInt/taskId]
006d ---- 0002                         ld          R0, #(1 << 1)
006e ---- 0ca7                         st          R0, [#fwCtrlInt/bvActiveEvent]

                                       ; Jump to the event task code
006f ---- 1416                         jsr         FwEmptyFunc

                                       ; Generate an ALERT interrupt (if requested) and return to sleep
0070 ---- 047f                         jmp         PowerDownSequence;




               Event2Vector:
                                       ; Disable and clear wake-up event
0071 ---- 5658                         iobclr      #IOB_SYSIF_PROGWUCFG_EN,        [#IOP_SYSIF_PROGWU3CFG] ; Disable source
0072 ---- 675b                         iobset      #IOB_SYSIF_WUFLAGS_PROG_WU3,    [#IOP_SYSIF_WUFLAGSCLR] ; Clear edge detector
0073 ---- 475b                         iobclr      #IOB_SYSIF_WUFLAGS_PROG_WU3,    [#IOP_SYSIF_WUFLAGSCLR]

                                       ; Set the task ID and active event index
0074 ---- 0000                         ld          R0, #0
0075 ---- 0ca6                         st          R0, [#fwCtrlInt/taskId]
0076 ---- 0004                         ld          R0, #(1 << 2)
0077 ---- 0ca7                         st          R0, [#fwCtrlInt/bvActiveEvent]

                                       ; Jump to the event task code
0078 ---- 1416                         jsr         FwEmptyFunc

                                       ; Generate an ALERT interrupt (if requested) and return to sleep
0079 ---- 047f                         jmp         PowerDownSequence;




               TaskAlertAckVector:
                                       ; Clear wake-up event
007a ---- 765b                         iobset      #IOB_SYSIF_WUFLAGS_SW_WU2, [#IOP_SYSIF_WUFLAGSCLR]
007b ---- 565b                         iobclr      #IOB_SYSIF_WUFLAGS_SW_WU2, [#IOP_SYSIF_WUFLAGSCLR]

                                       ; Re-enable generation of ALERT interrupts
007c 86ff 03ff                         ld          R0, #0xFFFF
007e ---- 0ca9                         st          R0, [#fwCtrlInt/alertGenMask]

                                       ; Generate an ALERT interrupt (if requested) and return to sleep
                                       ; -> Fall through




               PowerDownSequence:
                                       ; Let wake-up events propagate to the AON domain
007f ---- 645c                         iobset      #0, [#IOP_SYSIF_WUGATE]

                                       ; Do we have any ALERT-generating flags pending?
0080 ---- 78a8                         ld          R7, [#fwCtrlInt/bvTaskIoAlert]

                                       ; Skip if the last I/O ALERT interrupt has not been acknowledged
0081 ---- 68a9                         ld          R6, [#fwCtrlInt/alertGenMask]
0082 ---- ed37                         tst         R6, R7
0083 ---- b605                         bz          /skipAlertGen

                                           ; Transfer I/O flags from internal to external
0084 ---- 0000                             ld          R0, #0
0085 ---- 0ca8                             st          R0, [#fwCtrlInt/bvTaskIoAlert]
0086 ---- 7cae                             st          R7, [#fwCtrlExt/bvTaskIoAlert]

                                           ; Generate the ALERT interrupt, and clear the generation mask
0087 ---- 6540                             iobset      #IOB_EVCTL_SWEV_ALERT, [#IOP_EVCTL_SWEVSET]
0088 ---- 0ca9                             st          R0, [#fwCtrlInt/alertGenMask]
               /skipAlertGen:
                                       ; Set initial power mode for next executed vector
                                       ; -> Only at initialization

                                       ; If there are no unacknowledged ALERTs and no vectors pending ...
0089 ---- 78a9                         ld          R7, [#fwCtrlInt/alertGenMask]
008a ---- 68aa                         ld          R6, [#fwCtrlInt/alertCanPdAuxMask]
008b ---- fd0e                         or          R7, R6
008c ---- f801                         add         R7, #1 ; 0xFFFF -> 0x0000
008d ---- e95a                         in          R6, [#IOP_SYSIF_WUFLAGS]
008e ---- fd0e                         or          R7, R6
008f ---- be01                         bnz         /noPowerDown

                                           ; Assert the power-down request
0090 ---- 6553                             iobset      #IOB_SYSIF_OPMODE_PD, [#IOP_SYSIF_OPMODEREQ]
               /noPowerDown:
                                       ; Sleep until the next event
0091 ---- bdb7 sleepInstr:             sleep




               PwrRequestAndWaitForActiveMode:
                                       ; Update Reference DAC clock divider before entering active mode
0092 ---- 700b                         ld          R7, #((ACTIVE_MODE_SCE_CLK_FREQ_MHZ / 2) - 1)
0093 ---- fb96                         out         R7, [#IOP_ANAIF_DACSMPLCFG0]

                                       ; Deassert the low-power request
0094 ---- 4453                         iobclr      #IOB_SYSIF_OPMODE_LP, [#IOP_SYSIF_OPMODEREQ]

                                       ; Wait for it to take effect
0095 ---- 2454 /waitForOpmodeAck:      iobtst      #IOB_SYSIF_OPMODE_LP, [#IOP_SYSIF_OPMODEACK]
0096 ---- aefe                         biob1       /waitForOpmodeAck

                                       ; Done
0097 ---- adb7                         rts




               PwrRequestAndWaitForLowPowerMode:
                                       ; Assert the low-power request
0098 ---- 6453                         iobset      #IOB_SYSIF_OPMODE_LP, [#IOP_SYSIF_OPMODEREQ]

                                       ; Wait for it to take effect
0099 ---- 2454 /waitForOpmodeAck:      iobtst      #IOB_SYSIF_OPMODE_LP, [#IOP_SYSIF_OPMODEACK]
009a ---- a6fe                         biob0       /waitForOpmodeAck

                                       ; Update Reference DAC clock divider after leaving active mode
009b ---- 7000                         ld          R7, #(1 - 1)
009c ---- fb96                         out         R7, [#IOP_ANAIF_DACSMPLCFG0]

                                       ; Done
009d ---- adb7                         rts




               ; RTC ticks until next execution, one word for each task
               pFwTaskExecuteScheduleTable:
009e ---- 0000                         dw          #0
009f ---- 0000                         dw          #0

               ; Task code function pointers for each task code block, one word for each task
               pFwTaskInitializeFuncTable:
00a0 ---- 0143                         dw          #ledBlinker/initialize
00a1 ---- 015e                         dw          #uartEmulator/initialize
               pFwTaskExecuteFuncTable:
00a2 ---- 0147                         dw          #ledBlinker/execute
00a3 ---- 015f                         dw          #uartEmulator/execute
               pFwTaskTerminateFuncTable:
00a4 ---- 015c                         dw          #ledBlinker/terminate
00a5 ---- 0161                         dw          #uartEmulator/terminate

               ; Run-time logging log requests and masks, one bit for each struct, one word for each task
               pRtlTaskLogReqTable:
               ; (Run-time logging is not used in this project)
               pRtlTaskLogMaskTable:
               ; (Run-time logging is not used in this project)


               ; Internal control data
               fwCtrlInt:
00a6 ---- 0000 /taskId:                dw          #0      ; ID of the currently running task
00a7 ---- 0000 /bvActiveEvent:         dw          #0      ; Bit-vector indicating index of the currently active event trigger
00a8 ---- 0000 /bvTaskIoAlert:         dw          #0x0000 ; LSB = Normal data exchange, MSB = Overflow or underflow
00a9 ---- ffff /alertGenMask:          dw          #0xFFFF ; Can generate an ALERT interrupt now? (0xFFFF = yes, 0x0000 = no)
00aa ---- 0000 /alertCanPdAuxMask:     dw          #0x0000 ; Can power down AUX domain after ALERT interrupt generation? (0xFFFF = yes, 0x0000 = no)
00ab ---- 0000 /progwucfgManTrigReg:   dw          #0x0000 ; Address of PROGWUnCFG register to be triggered manually by EventManTriggerVector
00ac ---- 0000 /rtlStructLockReq:      dw          #0x0000 ; Run-time logging struct lock request (0=idle -> 1=requested -> 2=ready -> access -> 0=idle)

               ; External control data, shared with the driver
               fwCtrlExt:
00ad ---- 0000 /bvActiveTasks:         dw          #0x0000 ; Indicates which tasks are currently active
00ae ---- 0000 /bvTaskIoAlert:         dw          #0x0000 ; LSB = Normal data exchange, MSB = Overflow or underflow
00af ---- 0000 /bvTaskInitializeReq:   dw          #0x0000 ; Requests tasks to start
00b0 ---- 0000 /bvTaskExecuteReq:      dw          #0x0000 ; Requests tasks to execute once immediately
00b1 ---- 0000 /bvTaskTerminateReq:    dw          #0x0000 ; Requests tasks to stop


               .segment end "Framework"


               fwTaskDataStructures:
               .segment begin "Task: LED Blinker"
               ledBlinker/cfg:
               ledBlinker/input:
               ledBlinker/output:
               ledBlinker/output/counter:
00b2 ---- 0000                         dw          #0
               ledBlinker/state:
               ledBlinker/state/counter:
00b3 ---- 0000                         dw          #0
               .segment end "Task: LED Blinker"
               .segment begin "Task: UART Emulator"
               uartEmulator/cfg:
               uartEmulator/cfg/alertMask:
00b4 ---- 0000                         dw          #0
               uartEmulator/cfg/alertRxFifoThr:
00b5 ---- 0000                         dw          #0
               uartEmulator/cfg/alertTxFifoThr:
00b6 ---- 0000                         dw          #0
               uartEmulator/cfg/rxByteTimeout:
00b7 ---- 0000                         dw          #0
               uartEmulator/cfg/rxEnableReqIdleCount:
00b8 ---- 0016                         dw          #22
               uartEmulator/input:
               uartEmulator/input/pTxBuffer:
00b9 ---- 0000                         dw          #0
00ba ---- 0000                         dw          #0
00bb ---- 0000                         dw          #0
00bc ---- 0000                         dw          #0
00bd ---- 0000                         dw          #0
00be ---- 0000                         dw          #0
00bf ---- 0000                         dw          #0
00c0 ---- 0000                         dw          #0
00c1 ---- 0000                         dw          #0
00c2 ---- 0000                         dw          #0
00c3 ---- 0000                         dw          #0
00c4 ---- 0000                         dw          #0
00c5 ---- 0000                         dw          #0
00c6 ---- 0000                         dw          #0
00c7 ---- 0000                         dw          #0
00c8 ---- 0000                         dw          #0
00c9 ---- 0000                         dw          #0
00ca ---- 0000                         dw          #0
00cb ---- 0000                         dw          #0
00cc ---- 0000                         dw          #0
00cd ---- 0000                         dw          #0
00ce ---- 0000                         dw          #0
00cf ---- 0000                         dw          #0
00d0 ---- 0000                         dw          #0
00d1 ---- 0000                         dw          #0
00d2 ---- 0000                         dw          #0
00d3 ---- 0000                         dw          #0
00d4 ---- 0000                         dw          #0
00d5 ---- 0000                         dw          #0
00d6 ---- 0000                         dw          #0
00d7 ---- 0000                         dw          #0
00d8 ---- 0000                         dw          #0
00d9 ---- 0000                         dw          #0
00da ---- 0000                         dw          #0
00db ---- 0000                         dw          #0
00dc ---- 0000                         dw          #0
00dd ---- 0000                         dw          #0
00de ---- 0000                         dw          #0
00df ---- 0000                         dw          #0
00e0 ---- 0000                         dw          #0
00e1 ---- 0000                         dw          #0
00e2 ---- 0000                         dw          #0
00e3 ---- 0000                         dw          #0
00e4 ---- 0000                         dw          #0
00e5 ---- 0000                         dw          #0
00e6 ---- 0000                         dw          #0
00e7 ---- 0000                         dw          #0
00e8 ---- 0000                         dw          #0
00e9 ---- 0000                         dw          #0
00ea ---- 0000                         dw          #0
00eb ---- 0000                         dw          #0
00ec ---- 0000                         dw          #0
00ed ---- 0000                         dw          #0
00ee ---- 0000                         dw          #0
00ef ---- 0000                         dw          #0
00f0 ---- 0000                         dw          #0
00f1 ---- 0000                         dw          #0
00f2 ---- 0000                         dw          #0
00f3 ---- 0000                         dw          #0
00f4 ---- 0000                         dw          #0
00f5 ---- 0000                         dw          #0
00f6 ---- 0000                         dw          #0
00f7 ---- 0000                         dw          #0
00f8 ---- 0000                         dw          #0
               uartEmulator/output:
               uartEmulator/output/pRxBuffer:
00f9 ---- 0000                         dw          #0
00fa ---- 0000                         dw          #0
00fb ---- 0000                         dw          #0
00fc ---- 0000                         dw          #0
00fd ---- 0000                         dw          #0
00fe ---- 0000                         dw          #0
00ff ---- 0000                         dw          #0
0100 ---- 0000                         dw          #0
0101 ---- 0000                         dw          #0
0102 ---- 0000                         dw          #0
0103 ---- 0000                         dw          #0
0104 ---- 0000                         dw          #0
0105 ---- 0000                         dw          #0
0106 ---- 0000                         dw          #0
0107 ---- 0000                         dw          #0
0108 ---- 0000                         dw          #0
0109 ---- 0000                         dw          #0
010a ---- 0000                         dw          #0
010b ---- 0000                         dw          #0
010c ---- 0000                         dw          #0
010d ---- 0000                         dw          #0
010e ---- 0000                         dw          #0
010f ---- 0000                         dw          #0
0110 ---- 0000                         dw          #0
0111 ---- 0000                         dw          #0
0112 ---- 0000                         dw          #0
0113 ---- 0000                         dw          #0
0114 ---- 0000                         dw          #0
0115 ---- 0000                         dw          #0
0116 ---- 0000                         dw          #0
0117 ---- 0000                         dw          #0
0118 ---- 0000                         dw          #0
0119 ---- 0000                         dw          #0
011a ---- 0000                         dw          #0
011b ---- 0000                         dw          #0
011c ---- 0000                         dw          #0
011d ---- 0000                         dw          #0
011e ---- 0000                         dw          #0
011f ---- 0000                         dw          #0
0120 ---- 0000                         dw          #0
0121 ---- 0000                         dw          #0
0122 ---- 0000                         dw          #0
0123 ---- 0000                         dw          #0
0124 ---- 0000                         dw          #0
0125 ---- 0000                         dw          #0
0126 ---- 0000                         dw          #0
0127 ---- 0000                         dw          #0
0128 ---- 0000                         dw          #0
0129 ---- 0000                         dw          #0
012a ---- 0000                         dw          #0
012b ---- 0000                         dw          #0
012c ---- 0000                         dw          #0
012d ---- 0000                         dw          #0
012e ---- 0000                         dw          #0
012f ---- 0000                         dw          #0
0130 ---- 0000                         dw          #0
0131 ---- 0000                         dw          #0
0132 ---- 0000                         dw          #0
0133 ---- 0000                         dw          #0
0134 ---- 0000                         dw          #0
0135 ---- 0000                         dw          #0
0136 ---- 0000                         dw          #0
0137 ---- 0000                         dw          #0
0138 ---- 0000                         dw          #0
               uartEmulator/state:
               uartEmulator/state/alertBacklog:
0139 ---- 0000                         dw          #0
               uartEmulator/state/alertEvents:
013a ---- 0000                         dw          #0
               uartEmulator/state/alertMask:
013b ---- 0000                         dw          #0
               uartEmulator/state/exit:
013c ---- 0000                         dw          #0
               uartEmulator/state/rxEnable:
013d ---- 0000                         dw          #0
               uartEmulator/state/rxEnabled:
013e ---- 0000                         dw          #0
               uartEmulator/state/rxHead:
013f ---- 0000                         dw          #0
               uartEmulator/state/rxTail:
0140 ---- 0000                         dw          #0
               uartEmulator/state/txHead:
0141 ---- 0000                         dw          #0
               uartEmulator/state/txTail:
0142 ---- 0000                         dw          #0
               .segment end "Task: UART Emulator"


               .segment begin "Task: LED Blinker"
               ledBlinker/initialize:
               ;? // Drive the LED pin low (LED off) on the LaunchPad
               ;? gpioClearOutput(AUXIO_O_LED);
0143 ---- 54bb                         iobclr      #(12 & 0x7), [#(IOP_AIODIO0_GPIODOUT + (12 >> 3))]
               ;?
               ;? // Schedule the first toggle
               ;? fwScheduleTask(BLINK_INTERVAL);
0144 ---- 0010                         ld          R0, #16
0145 ---- 0c9e                         st          R0, [#(pFwTaskExecuteScheduleTable + 0)]
               ledBlinker/initializeDone:
0146 ---- adb7                         rts




               ledBlinker/execute:
               ;? // Set or clear the LED
               ;? if (state.counter & 0x01) {
0147 ---- 08b3                         ld          R0, [#ledBlinker/state/counter]
0148 ---- 8c01                         tst         R0, #1
0149 ---- b602                         bz          /id0037
               ;?     gpioSetOutput(AUXIO_O_LED);
014a ---- 74bb                             iobset      #(12 & 0x7), [#(IOP_AIODIO0_GPIODOUT + (12 >> 3))]
               ;? } else {
014b ---- 054d                         jmp         /id0039
               /id0037:
               ;?     gpioClearOutput(AUXIO_O_LED);
014c ---- 54bb                             iobclr      #(12 & 0x7), [#(IOP_AIODIO0_GPIODOUT + (12 >> 3))]
               ;? }
               /id0039:
               ;?
               ;? // Increment the state counter
               ;? state.counter += 1;
014d ---- 08b3                         ld          R0, [#ledBlinker/state/counter]
014e ---- 8801                         add         R0, #1
014f ---- 0cb3                         st          R0, [#ledBlinker/state/counter]
               ;?
               ;? // Notify the MCU periodically
               ;? ifnot (state.counter & 0x000F) {
0150 ---- 08b3                         ld          R0, [#ledBlinker/state/counter]
0151 ---- 8c0f                         tst         R0, #15
0152 ---- be06                         bnz         /id0042
               ;?     output.counter = state.counter >> 4;
0153 ---- 08b3                             ld          R0, [#ledBlinker/state/counter]
0154 ---- 8dac                             lsr         R0, #4
0155 ---- 0cb2                             st          R0, [#ledBlinker/output/counter]
               ;?     fwGenAlertInterrupt();
0156 ---- 08a8                             ld          R0, [#fwCtrlInt/bvTaskIoAlert]
0157 ---- 8201                             or          R0, #(1 << 0)
0158 ---- 0ca8                             st          R0, [#fwCtrlInt/bvTaskIoAlert]
               ;? }
               /id0042:
               ;?
               ;? // Schedule the next execution
               ;? fwScheduleTask(1);
0159 ---- 0001                         ld          R0, #1
015a ---- 0c9e                         st          R0, [#(pFwTaskExecuteScheduleTable + 0)]
               ledBlinker/executeDone:
015b ---- adb7                         rts




               ledBlinker/terminate:
               ;? // Leave the LED off on shutdown
               ;? gpioClearOutput(AUXIO_O_LED);
015c ---- 54bb                         iobclr      #(12 & 0x7), [#(IOP_AIODIO0_GPIODOUT + (12 >> 3))]
               ledBlinker/terminateDone:
015d ---- adb7                         rts
               .segment end "Task: LED Blinker"
               .segment begin "Task: UART Emulator"
               uartEmulator/initialize:
               ;?
               uartEmulator/initializeDone:
015e ---- adb7                         rts




               uartEmulator/execute:
               ;? // Run the UART emulator until the application sets state.exit
               ;? uartEmulator();
015f ---- 1562                         jsr         UartEmulator
               uartEmulator/executeDone:
0160 ---- adb7                         rts




               uartEmulator/terminate:
               ;?
               uartEmulator/terminateDone:
0161 ---- adb7                         rts
               .segment end "Task: UART Emulator"


               .segment begin "Procedure Library"
               ; TIMER0 event rate = 4 times the UART baud rate
               ;
               ; R7    TX bit counter
               ; R6    TX shift register
               ; R5    RX bit counter / RX new head index / RX timeout counter
               ; R4    RX shift register
               ; R3    RX data storage pointer (last word)
               ; R2    RX idle counter
               ; R1    Temporary variables
               ; R0    Temporary variables (special functionality)


               ; Flags set for each RX byte
               .define BV_UART_RX_TIMEOUT                      0x0800
               .define BV_UART_RX_OVERFLOW                     0x0400
               .define BV_UART_RX_BREAK                        0x0200
               .define BV_UART_RX_FRAMING_ERROR                0x0100

               ; Alert-generating events
               .define BV_UART_ALERT_RX_FIFO_ABOVE_THR         0x0001
               .define BV_UART_ALERT_RX_BYTE_TIMEOUT           0x0002
               .define BV_UART_ALERT_RX_BREAK_OR_FRAMING_ERROR 0x0004
               .define BV_UART_ALERT_TX_FIFO_BELOW_THR         0x0008



               UartEmulator:
                                       ; Disable RX idle timeout
0162 ---- 5000                         ld          R5, #0

                                       ; Set the default number of required idle half-bits before enabling RX
0163 ---- 28b8                         ld          R2, [#uartTaskName/cfg/rxEnableReqIdleCount]

                                       ; Initialize state machine (function pointers)
0164 ---- 017d                         ld          R0, #UartEmulator/txIdle
0165 ---- 0e80                         st          R0, [#uartTxFptr]
0166 ---- 01a7                         ld          R0, #UartEmulator/rxIdle
0167 ---- 0e81                         st          R0, [#uartRxFptr]
0168 8602 0218                         ld          R0, #UartEmulator/sysCmd
016a ---- 0e82                         st          R0, [#uartSysFptr]
016b 8602 0269                         ld          R0, #UartEmulator/txCheckRxStartDisabled
016d ---- 0e83                         st          R0, [#uartTxCheckRxStartFptr]
016e 8602 0274                         ld          R0, #UartEmulator/sysCheckRxStartDisabled
0170 ---- 0e84                         st          R0, [#uartSysCheckRxStartFptr]




               /mainLoop:
                                       ; 0: RX (oversampling)
0171 ---- 0a81                         ld          R0, [#uartRxFptr]
0172 ---- cdb1                         wev1        #WEVSEL_TIMER0
0173 ---- 9db7                         jsr         R0

                                       ; 1: TX
0174 ---- 0a83                         ld          R0, [#uartTxCheckRxStartFptr]
0175 ---- cdb1                         wev1        #WEVSEL_TIMER0
0176 ---- 9db7                         jsr         R0

                                       ; 2: RX (oversampling)
0177 ---- 0a81                         ld          R0, [#uartRxFptr]
0178 ---- cdb1                         wev1        #WEVSEL_TIMER0
0179 ---- 9db7                         jsr         R0

                                       ; 3: System (jumps to the start of the main loop or returns)
017a ---- 0a84                         ld          R0, [#uartSysCheckRxStartFptr]
017b ---- cdb1                         wev1        #WEVSEL_TIMER0
017c ---- 8db7                         jmp         R0






               ;; TX IDLE
               /txIdle:
                                       ; Start transmission of a new byte?
017d ---- 6941                         ld          R6, [#uartTaskName/state/txHead]
017e ---- 1942                         ld          R1, [#uartTaskName/state/txTail]
017f ---- 9d2e                         cmp         R1, R6
0180 ---- b605                         beq         /txIdleNoStart
               /txIdleCheckStartDelay:
                                           ; Load the data byte (LSB) and delay (MSB) into the shift register
0181 8600 98b9                             add         R1, #uartTaskName/input/pTxBuffer
0183 ---- ef09                             ld          R6, [R1]

                                           ; Proceed to "txStartBit" next
0184 ---- 1187                             ld          R1, #/txStartBit
0185 ---- 1e80                             st          R1, [#uartTxFptr]
               /txIdleNoStart:
                                       ; Done
0186 ---- adb7                         rts




               ;; TX START BIT
               /txStartBit:
                                       ; Delay the transmission? (remaining delay is in MSB of the shift register)
0187 8600 eaff                         cmp         R6, #0x00FF
0189 ---- 9e03                         bleu        /txStartBitNoDelay

                                           ; Decrement the delay
018a 86ff e800                             add         R6, #0xFF00
018c ---- 8e04                         bra         /txStartBitDone

                                       ; Otherwise ...
               /txStartBitNoDelay:
                                           ; Transmit the start bit
018d ---- 57bb                             iobclr      #(AUXIO_UART_TX & 0x7), [#(IOP_AIODIO0_GPIODOUT + (AUXIO_UART_TX >> 3))]

                                           ; Initialize the bit counter used by "txDataBit"
018e ---- 7008                             ld          R7, #8

                                           ; Proceed to "txDataBit" next
018f ---- 1192                             ld          R1, #/txDataBit
0190 ---- 1e80                             st          R1, [#uartTxFptr]
               /txStartBitDone:
                                       ; Done
0191 ---- adb7                         rts




               ;; TX DATA BIT
               /txDataBit:
                                       ; Transmit lsb of the shift register
0192 ---- ec01                         tst         R6, #0x0001
0193 ---- be02                         bnz         /txDataBitOutput1

                                           ; Transmit logical 0
0194 ---- 57bb                             iobclr      #(AUXIO_UART_TX & 0x7), [#(IOP_AIODIO0_GPIODOUT + (AUXIO_UART_TX >> 3))]
0195 ---- 8e01                         bra         /txDataBitOutputDone
               /txDataBitOutput1:
                                           ; Transmit logical 1
0196 ---- 77bb                             iobset      #(AUXIO_UART_TX & 0x7), [#(IOP_AIODIO0_GPIODOUT + (AUXIO_UART_TX >> 3))]
               /txDataBitOutputDone:
                                       ; Update the shift register
0197 ---- eda9                         lsr         R6, #1

                                       ; Proceed to "txStopBit" next when the msb has been transmitted (counter in R7
                                       ; goes from 8 to 0)
0198 ---- f8ff                         add         R7, #-1
0199 ---- be02                         bnz         /txDataBitNotMsb
019a ---- 119d                             ld          R1, #/txStopBit
019b ---- 1e80                             st          R1, [#uartTxFptr]
               /txDataBitNotMsb:
                                       ; Done
019c ---- adb7                         rts




               ;; TX STOP BIT
               /txStopBit:
                                       ; Proceed to "txIdle" next, for a second stop bit
019d ---- 117d                         ld          R1, #/txIdle
019e ---- 1e80                         st          R1, [#uartTxFptr]

                                       ; Transmit the stop bit
019f ---- 77bb                         iobset      #(AUXIO_UART_TX & 0x7), [#(IOP_AIODIO0_GPIODOUT + (AUXIO_UART_TX >> 3))]

                                       ; Move on the TX FIFO tail index, wrapping at UART_TX_BUFFER_SIZE
01a0 ---- 1942                         ld          R1, [#uartTaskName/state/txTail]
01a1 ---- 9801                         add         R1, #1
01a2 ---- 9a40                         cmp         R1, #UART_TX_BUFFER_SIZE
01a3 ---- ae01                         bltu        /txStopBitFifoNoWrap
01a4 ---- 1000                             ld          R1, #0
01a5 ---- 1d42 /txStopBitFifoNoWrap:   st          R1, [#uartTaskName/state/txTail]

                                       ; Done
01a6 ---- adb7                         rts






               /rxIdle:
                                       ; If the RX timeout counter is active ...
01a7 ---- da00                         cmp         R5, #0
01a8 ---- 9e09                         bleu        /rxIdleNoTimeout

                                           ; Decrement it and, and if timeout now ...
01a9 ---- d8ff                             add         R5, #-1
01aa ---- be07                             bnz         /rxIdleNoTimeout

                                               ; Set the TIMEOUT flag for the last received byte
01ab 8608 c200                                 or          R4, #BV_UART_RX_TIMEOUT
01ad ---- cf2b                                 st          R4, [R3]

                                               ; Set the TIMEOUT event for ALERT interrupt generation
01ae ---- 1939                                 ld          R1, [#uartTaskName/state/alertBacklog]
01af ---- 9202                                 or          R1, #BV_UART_ALERT_RX_BYTE_TIMEOUT
01b0 ---- 1d39                                 st          R1, [#uartTaskName/state/alertBacklog]

                                               ; Done
01b1 ---- adb7                                 rts

               /rxIdleNoTimeout:
                                       ; If RX should be enabled ...
01b2 ---- 093d                         ld          R0, [#uartTaskName/state/rxEnable]
01b3 ---- 193e                         ld          R1, [#uartTaskName/state/rxEnabled]
01b4 ---- 8d29                         cmp         R0, R1
01b5 ---- 9e0e                         bleu        /rxIdleNoRxEnable

                                           ; If the required idle period has not yet expired ...
01b6 ---- aa00                             cmp         R2, #0
01b7 ---- b605                             beq         /rxIdleRxEnable

                                               ; Decrement the countdown
01b8 ---- a8ff                                 add         R2, #-1

                                               ; If the RX line is not idle now ...
01b9 ---- 24c0                                 iobtst      #(AUXIO_UART_RX & 0x7), [#(IOP_AIODIO0_GPIODIN + (AUXIO_UART_RX >> 3))]
01ba ---- ae01                                 biob1       /rxIdleRxEnableStillIdle

                                                   ; Reset the countdown
01bb ---- 28b8                                     ld          R2, [#uartTaskName/cfg/rxEnableReqIdleCount]
01bc ---- adb7 /rxIdleRxEnableStillIdle:   rts

                                           ; Otherwise, if the required idle period has expired ...
               /rxIdleRxEnable:
                                               ; Enable start-bit detection
01bd 8602 126c                                 ld          R1, #/txCheckRxStartEnabled
01bf ---- 1e83                                 st          R1, [#uartTxCheckRxStartFptr]
01c0 8602 1277                                 ld          R1, #/sysCheckRxStartEnabled
01c2 ---- 1e84                                 st          R1, [#uartSysCheckRxStartFptr]

                                               ; Indicate that RX is enabled
01c3 ---- 0d3e                                 st          R0, [#uartTaskName/state/rxEnabled]
               /rxIdleNoRxEnable:
                                       ; Done
01c4 ---- adb7                         rts




               /rxDisable:
                                       ; Disable start-bit detection
01c5 8602 0269                         ld          R0, #/txCheckRxStartDisabled
01c7 ---- 0e83                         st          R0, [#uartTxCheckRxStartFptr]
01c8 8602 0274                         ld          R0, #/sysCheckRxStartDisabled
01ca ---- 0e84                         st          R0, [#uartSysCheckRxStartFptr]

                                       ; Do "rxIdle" next
01cb ---- 01a7                         ld          R0, #/rxIdle
01cc ---- 0e81                         st          R0, [#uartRxFptr]

                                       ; Disable the RX timeout
01cd ---- 5000                         ld          R5, #0

                                       ; Indicate that RX is disabled
01ce ---- 5d3e                         st          R5, [#uartTaskName/state/rxEnabled]

                                       ; Reset the required number of idle periods before allowing RX to be enabled
01cf ---- 28b8                         ld          R2, [#uartTaskName/cfg/rxEnableReqIdleCount]

                                       ; Done
01d0 ---- adb7                         rts




               /rxStartBit:
                                       ; Stop start bit detection
01d1 8602 1269                         ld          R1, #/txCheckRxStartDisabled
01d3 ---- 1e83                         st          R1, [#uartTxCheckRxStartFptr]
01d4 8602 1274                         ld          R1, #/sysCheckRxStartDisabled
01d6 ---- 1e84                         st          R1, [#uartSysCheckRxStartFptr]

                                       ; Initialize the bit counter used by "rxDataBit"
01d7 ---- 5008                         ld          R5, #8

                                       ; Clear the shift register
01d8 ---- 4000                         ld          R4, #0x0000

                                       ; Fetch the pointer to RX head
01d9 ---- 393f                         ld          R3, [#uartTaskName/state/rxHead]
01da 8600 b8f9                         add         R3, #uartTaskName/output/pRxBuffer

                                       ; Proceed to "preRxDataBit" next
01dc ---- 11df                         ld          R1, #/preRxDataBit
01dd ---- 1e81                         st          R1, [#uartRxFptr]

                                       ; Done
01de ---- adb7                         rts




               /preRxDataBit:
                                       ; Update the shift register
01df ---- cda9                         lsr         R4, #1

                                       ; Proceed to "rxDataBit" next
01e0 ---- 11e3                         ld          R1, #/rxDataBit
01e1 ---- 1e81                         st          R1, [#uartRxFptr]

                                       ; Done
01e2 ---- adb7                         rts




               /rxDataBit:
                                       ; Shift in a 0 or a 1 into the shift register
01e3 ---- fd47                         nop
01e4 ---- 24c0                         iobtst      #(AUXIO_UART_RX & 0x7), [#(IOP_AIODIO0_GPIODIN + (AUXIO_UART_RX >> 3))]
01e5 ---- a601                         biob0       /rxDataBitZero
01e6 ---- c280                             or          R4, #0x0080
               /rxDataBitZero:
                                       ; If msb has been received, proceed to "preRxStopBit" next, otherwise "preRxDataBit"
01e7 ---- d8ff                         add         R5, #-1
01e8 ---- be02                         bnz         /rxDataBitNotDone
01e9 ---- 11ee                             ld          R1, #/preRxStopBit
01ea ---- 8e01                         bra         /rxDataBitDone
01eb ---- 11df /rxDataBitNotDone:          ld          R1, #/preRxDataBit
01ec ---- 1e81 /rxDataBitDone:         st          R1, [#uartRxFptr]

                                       ; Done
01ed ---- adb7                         rts




               /preRxStopBit:
                                       ; Calculate the new RX FIFO head index, wrapping at UART_RX_BUFFER_SIZE
01ee ---- 593f                         ld          R5, [#uartTaskName/state/rxHead]
01ef ---- d801                         add         R5, #1
01f0 ---- da40                         cmp         R5, #UART_RX_BUFFER_SIZE
01f1 ---- ae01                         bltu        /rxStopBitFifoNoWrap
01f2 ---- 5000                             ld          R5, #0
               /rxStopBitFifoNoWrap:
                                       ; Proceed to "rxStopBit" next
01f3 ---- 01f6                         ld          R0, #/rxStopBit
01f4 ---- 0e81                         st          R0, [#uartRxFptr]

                                       ; Done
01f5 ---- adb7                         rts




               /rxStopBit:
                                       ; If not a valid stop bit ...
01f6 ---- fd47                         nop
01f7 ---- 24c0                         iobtst      #(AUXIO_UART_RX & 0x7), [#(IOP_AIODIO0_GPIODIN + (AUXIO_UART_RX >> 3))]
01f8 ---- ae0b                         biob1       /rxStopBitValid

                                           ; Depending on the received byte ...
01f9 ---- ccff                             tst         R4, #0xFF
01fa ---- be03                             bnz         /rxStopBitFramingError
               /rxStopBitBreak:
                                               ; If 0x00, indicate "break"
01fb 8602 c200                                 or          R4, #BV_UART_RX_BREAK
01fd ---- 8e02                             bra         /rxStopBitNotFramingError
               /rxStopBitFramingError:
                                               ; Otherwise, indicate framing error
01fe 8601 c200                                 or          R4, #BV_UART_RX_FRAMING_ERROR
               /rxStopBitNotFramingError:

                                           ; Set the BREAK OR FRAMING ERROR event for ALERT interrupt generation
0200 ---- 1939                             ld          R1, [#uartTaskName/state/alertBacklog]
0201 ---- 9204                             or          R1, #BV_UART_ALERT_RX_BREAK_OR_FRAMING_ERROR
0202 ---- 1d39                             st          R1, [#uartTaskName/state/alertBacklog]

                                           ; Bail out and come back later
0203 ---- adb7                             rts
               /rxStopBitValid:
                                       ; Proceed to "rxIdle" next
0204 ---- 01a7                         ld          R0, #/rxIdle
0205 ---- 0e81                         st          R0, [#uartRxFptr]

                                       ; Re-enable start-bit detection
0206 8602 026c                         ld          R0, #/txCheckRxStartEnabled
0208 ---- 0e83                         st          R0, [#uartTxCheckRxStartFptr]
0209 8602 0277                         ld          R0, #/sysCheckRxStartEnabled
020b ---- 0e84                         st          R0, [#uartSysCheckRxStartFptr]

                                       ; If the updated head index equals the tail index ...
020c ---- 0940                         ld          R0, [#uartTaskName/state/rxTail]
020d ---- dd28                         cmp         R5, R0
020e ---- be05                         bneq        /rxStopBitNotOverflow

                                           ; Indicate overflow
020f 8604 c200                             or          R4, #BV_UART_RX_OVERFLOW

                                           ; Store the received byte
0211 ---- cf2b                             st          R4, [R3]

                                           ; Initialize the timeout counter, which will be used shortly in "rxIdle"
0212 ---- 58b7                             ld          R5, [#uartTaskName/cfg/rxByteTimeout]

                                           ; Bail out without updating the head index
0213 ---- adb7                             rts
               /rxStopBitNotOverflow:
                                       ; Store the received byte
0214 ---- cf2b                         st          R4, [R3]

                                       ; Update the RX head index
0215 ---- 5d3f                         st          R5, [#uartTaskName/state/rxHead]

                                       ; Initialize the timeout counter, which will be used shortly in "rxIdle"
0216 ---- 58b7                         ld          R5, [#uartTaskName/cfg/rxByteTimeout]

                                       ; Done
0217 ---- adb7                         rts






               /sysCmd:
                                       ; Exit the UART emulator?
0218 ---- 193c                         ld          R1, [#uartTaskName/state/exit]
0219 ---- 9a00                         cmp         R1, #0
021a ---- b601                         beq         /sysCmdNoExit
021b ---- adb7                             rts
               /sysCmdNoExit:
               /sysCmdRxDisable:
                                       ; Disable RX?
021c ---- 093d                         ld          R0, [#uartTaskName/state/rxEnable]
021d ---- 193e                         ld          R1, [#uartTaskName/state/rxEnabled]
021e ---- 8d29                         cmp         R0, R1
021f ---- a602                         bgeu        /sysCmdNoRxDisable

                                           ; Do "rxDisable" in the next upcoming RX state
0220 ---- 01c5                             ld          R0, #/rxDisable
0221 ---- 0e81                             st          R0, [#uartRxFptr]
               /sysCmdNoRxDisable:
                                       ; Do ALERT mask update next
0222 8602 0226                         ld          R0, #/sysAlertMaskUpdate
0224 ---- 0e82                         st          R0, [#uartSysFptr]

                                       ; Keep on executing from the start of the main loop
0225 ---- 0571                         jmp         /mainLoop




               /sysAlertMaskUpdate:
                                       ; Update the ALERT mask
0226 ---- 08b4                         ld          R0, [#uartTaskName/cfg/alertMask]
0227 ---- 0d3b                         st          R0, [#uartTaskName/state/alertMask]

                                       ; Clear FIFO flags and currently disabled events from the backlog
0228 ---- 1939                         ld          R1, [#uartTaskName/state/alertBacklog]
0229 ---- 9d00                         and         R1, R0
022a ---- 9006                         and         R1, #((~(BV_UART_ALERT_RX_FIFO_ABOVE_THR | BV_UART_ALERT_TX_FIFO_BELOW_THR)) & 0xF)
022b ---- 1d39                         st          R1, [#uartTaskName/state/alertBacklog]

                                       ; Do RX FIFO event generation next
022c 8602 0230                         ld          R0, #/sysAlertCheckRxFifo0
022e ---- 0e82                         st          R0, [#uartSysFptr]

                                       ; Keep on executing from the start of the main loop
022f ---- 0571                         jmp         /mainLoop




               /sysAlertCheckRxFifo0:
                                       ; Calculate the number of bytes currently in the RX FIFO
0230 ---- 093f                         ld          R0, [#uartTaskName/state/rxHead]
0231 ---- 1940                         ld          R1, [#uartTaskName/state/rxTail]
0232 ---- 8d19                         sub         R0, R1
0233 ---- d601                         bpos        /sysAlertsRxCountNoWrap
0234 ---- 8840                             add         R0, #UART_RX_BUFFER_SIZE
               /sysAlertsRxCountNoWrap:
                                       ; There is not sufficient time to compare the FIFO count with the threshold and
                                       ; set flags, so we store the count temporarily in RAM
0235 ---- 0e7f                         st          R0, [#uartRxTxFifoCount]

                                       ; Continue RX FIFO event generation next
0236 8602 023a                         ld          R0, #/sysAlertCheckRxFifo1
0238 ---- 0e82                         st          R0, [#uartSysFptr]

                                       ; Keep on executing from the start of the main loop
0239 ---- 0571                         jmp         /mainLoop




               /sysAlertCheckRxFifo1:
                                       ; If the RX FIFO is at or above the specified threshold ...
023a ---- 0a7f                         ld          R0, [#uartRxTxFifoCount]
023b ---- 18b5                         ld          R1, [#uartTaskName/cfg/alertRxFifoThr]
023c ---- 8d29                         cmp         R0, R1
023d ---- ae03                         bltu        /sysAlertsRxCountNoEvent

                                           ; Generate RX FIFO ABOVE THR event
023e ---- 0939                            ld          R0, [#uartTaskName/state/alertBacklog]
023f ---- 8201                            or          R0, #BV_UART_ALERT_RX_FIFO_ABOVE_THR
0240 ---- 0d39                            st          R0, [#uartTaskName/state/alertBacklog]
               /sysAlertsRxCountNoEvent:
                                       ; Do TX FIFO event generation next
0241 8602 0245                         ld          R0, #/sysAlertCheckTxFifo0
0243 ---- 0e82                         st          R0, [#uartSysFptr]

                                       ; Keep on executing from the start of the main loop
0244 ---- 0571                         jmp         /mainLoop




               /sysAlertCheckTxFifo0:
                                       ; Calculate the number of bytes currently in the TX FIFO
0245 ---- 0941                         ld          R0, [#uartTaskName/state/txHead]
0246 ---- 1942                         ld          R1, [#uartTaskName/state/txTail]
0247 ---- 8d19                         sub         R0, R1
0248 ---- d601                         bpos        /sysAlertsTxCountNoWrap
0249 ---- 8840                             add         R0, #UART_TX_BUFFER_SIZE
               /sysAlertsTxCountNoWrap:
                                       ; There is not sufficient time to compare the FIFO count with the threshold and
                                       ; set flags, so we store the count temporarily in RAM
024a ---- 0e7f                         st          R0, [#uartRxTxFifoCount]

                                       ; Continue TX FIFO event generation next
024b 8602 024f                         ld          R0, #/sysAlertCheckTxFifo1
024d ---- 0e82                         st          R0, [#uartSysFptr]

                                       ; Keep on executing from the start of the main loop
024e ---- 0571                         jmp         /mainLoop




               /sysAlertCheckTxFifo1:
                                       ; If the TX FIFO is at or below the specified threshold ...
024f ---- 0a7f                         ld          R0, [#uartRxTxFifoCount]
0250 ---- 18b6                         ld          R1, [#uartTaskName/cfg/alertTxFifoThr]
0251 ---- 8d29                         cmp         R0, R1
0252 ---- 9603                         bgtu        /sysAlertsTxCountNoEvent

                                           ; Generate TX FIFO BELOW THR event
0253 ---- 0939                             ld          R0, [#uartTaskName/state/alertBacklog]
0254 ---- 8208                             or          R0, #BV_UART_ALERT_TX_FIFO_BELOW_THR
0255 ---- 0d39                             st          R0, [#uartTaskName/state/alertBacklog]
               /sysAlertsTxCountNoEvent:
                                       ; Do ALERT interrupt generation next
0256 8602 025a                         ld          R0, #/sysAlertGen
0258 ---- 0e82                         st          R0, [#uartSysFptr]

                                       ; Keep on executing from the start of the main loop
0259 ---- 0571                         jmp         /mainLoop




               /sysAlertGen:
                                       ; If the previous events have been handled by the application ...
025a ---- 093a                         ld          R0, [#uartTaskName/state/alertEvents]
025b ---- 8a00                         cmp         R0, #0x0000
025c ---- be08                         bneq        /sysAlertsNoGen

                                           ; Mask out the disabled events from the backlog
025d ---- 0939                             ld          R0, [#uartTaskName/state/alertBacklog]
025e ---- 193b                             ld          R1, [#uartTaskName/state/alertMask]
025f ---- 8d01                             and         R0, R1

                                           ; If there are any enabled events in the backlog ...
0260 ---- b604                             bz          /sysAlertsNoGen

                                               ; Generate alert interrupt
0261 ---- 0d3a                                 st          R0, [#uartTaskName/state/alertEvents]
0262 ---- 6540                                 iobset      #IOB_EVCTL_SWEV_ALERT, [#IOP_EVCTL_SWEVSET]

                                               ; Clear the backlog
0263 ---- 0000                                 ld          R0, #0x0000
0264 ---- 0d39                                 st          R0, [#uartTaskName/state/alertBacklog]
               /sysAlertsNoGen:
                                       ; Do system commands next
0265 8602 0218                         ld          R0, #/sysCmd
0267 ---- 0e82                         st          R0, [#uartSysFptr]

                                       ; Keep on executing from the start of the main loop
0268 ---- 0571                         jmp         /mainLoop






               /txCheckRxStartDisabled:
                                       ; RX is already active, or checking is disabled
0269 ---- 0a80                         ld          R0, [#uartTxFptr]
026a ---- fd47                         nop
026b ---- 8e03                         bra         /txCheckRxStartIdle
               /txCheckRxStartEnabled:
                                       ; RX is enabled and currently idle, so check for start bit
026c ---- 0a80                         ld          R0, [#uartTxFptr]
026d ---- 24c0                         iobtst      #(AUXIO_UART_RX & 0x7), [#(IOP_AIODIO0_GPIODIN + (AUXIO_UART_RX >> 3))]
026e ---- a602                         biob0       /txCheckRxStartFound
026f ---- fd47 /txCheckRxStartIdle:        nop
0270 ---- 8e02                         bra         /txCheckRxStartDone
0271 ---- 11d1 /txCheckRxStartFound:       ld          R1, #/rxStartBit
0272 ---- 1e81                             st          R1, [#uartRxFptr]
               /txCheckRxStartDone:
                                       ; Jump to the TX function
0273 ---- 8db7                         jmp         R0




               /sysCheckRxStartDisabled:
                                       ; RX is already active, or checking is disabled
0274 ---- 0a82                         ld          R0, [#uartSysFptr]
0275 ---- fd47                         nop
0276 ---- 8e03                         bra         /sysCheckRxStartIdle
               /sysCheckRxStartEnabled:
                                       ; RX is enabled and currently idle, so check for start bit
0277 ---- 0a82                         ld          R0, [#uartSysFptr]
0278 ---- 24c0                         iobtst      #(AUXIO_UART_RX & 0x7), [#(IOP_AIODIO0_GPIODIN + (AUXIO_UART_RX >> 3))]
0279 ---- a602                         biob0       /sysCheckRxStartFound
027a ---- fd47 /sysCheckRxStartIdle:       nop
027b ---- 8e02                         bra         /sysCheckRxStartDone
027c ---- 11d1 /sysCheckRxStartFound:      ld          R1, #/rxStartBit
027d ---- 1e81                             st          R1, [#uartRxFptr]
               /sysCheckRxStartDone:
                                       ; Jump to the system function
027e ---- 8db7                         jmp         R0






027f ---- 0000 uartRxTxFifoCount:      dw          #0

0280 ---- 0000 uartTxFptr:             dw          #0
0281 ---- 0000 uartRxFptr:             dw          #0
0282 ---- 0000 uartSysFptr:            dw          #0

               uartTxCheckRxStartFptr:
0283 ---- 0000                         dw          #0
               uartSysCheckRxStartFptr:
0284 ---- 0000                         dw          #0
               .segment end "Procedure Library"


; Generated by LT5CD3044HTN at 2026-06-01 15:05:45.188
