               .deffile adi_defs__1.asm
               .deffile ddi_defs__1.asm
               .deffile reg_defs__1.asm
               .deffile sce_defs__1.asm

               ; Number of supported tasks
               .define TASK_COUNT      1

               ; Sensor Controller clock frequency in active mode
               .define ACTIVE_MODE_SCE_CLK_FREQ_MHZ    24

               ; Resource-specified definitions, if any
               ; (None)


               .segment begin "Framework"


               VectorTable:
                                       ; SW 0
0000 ---- 140e                         jsr         PowerUp
0001 ---- 0417                         jmp         TaskCtrlReqVector
                                       ; SW 1
0002 ---- 140e                         jsr         PowerUp
0003 ---- 0438                         jmp         EventManTrigVector
                                       ; PROG 0
0004 ---- 140e                         jsr         PowerUp
0005 ---- 0442                         jmp         AonRtcCh2Vector
                                       ; PROG 1
0006 ---- 140e                         jsr         PowerUp
0007 ---- 045f                         jmp         Event0Vector
                                       ; PROG 2
0008 ---- 140e                         jsr         PowerUp
0009 ---- 0468                         jmp         Event1Vector
                                       ; PROG 3
000a ---- 140e                         jsr         PowerUp
000b ---- 0471                         jmp         Event2Vector
                                       ; SW 2
000c ---- 140e                         jsr         PowerUp
000d ---- 047a                         jmp         TaskAlertAckVector




               PowerUp:
                                       ; Make sure that the last operation mode request has taken effect
000e ---- 8953                         in          R0, [#IOP_SYSIF_OPMODEREQ]
000f ---- 9954 /waitForOpmodeSync:     in          R1, [#IOP_SYSIF_OPMODEACK]
0010 ---- 8d29                         cmp         R0, R1
0011 ---- befd                         bneq        /waitForOpmodeSync

                                       ; Deassert the power-down request
0012 ---- 4553                         iobclr      #IOB_SYSIF_OPMODE_PD, [#IOP_SYSIF_OPMODEREQ]

                                       ; Wait for it to take effect
0013 ---- 2554 /waitForOpmodeAck:      iobtst      #IOB_SYSIF_OPMODE_PD, [#IOP_SYSIF_OPMODEACK]
0014 ---- aefe                         biob1       /waitForOpmodeAck

                                       ; Prevent wake-up events from propagating to the AON domain
0015 ---- 445c                         iobclr      #0, [#IOP_SYSIF_WUGATE]

               FwEmptyFunc:            ; Done
0016 ---- adb7                         rts




               TaskCtrlReqVector:
                                       ; Clear wake-up event
0017 ---- 745b                         iobset      #IOB_SYSIF_WUFLAGS_SW_WU0, [#IOP_SYSIF_WUFLAGSCLR]
0018 ---- 545b                         iobclr      #IOB_SYSIF_WUFLAGS_SW_WU0, [#IOP_SYSIF_WUFLAGSCLR]

                                       ; For each task ...
0019 ---- 7000                         ld          R7, #0
               /loop:
                                           ; Save the task ID
001a ---- 7ca2                             st          R7, [#fwCtrlInt/taskId]

                                           ; Handle initialize request, if any
001b ---- 68ab                             ld          R6, [#fwCtrlExt/bvTaskInitializeReq]
001c ---- 009f                             ld          R0, #pFwTaskInitializeFuncTable
001d ---- 1431                             jsr         /handleReq

                                           ; Handle execute request, if any
001e ---- 68ac                             ld          R6, [#fwCtrlExt/bvTaskExecuteReq]
001f ---- 00a0                             ld          R0, #pFwTaskExecuteFuncTable
0020 ---- 1431                             jsr         /handleReq

                                           ; Handle terminate request, if any
0021 ---- 68ad                             ld          R6, [#fwCtrlExt/bvTaskTerminateReq]
0022 ---- 00a1                             ld          R0, #pFwTaskTerminateFuncTable
0023 ---- 1431                             jsr         /handleReq

                                           ; Move on to the next task
0024 ---- 78a2                             ld          R7, [#fwCtrlInt/taskId]
0025 ---- f801                             add         R7, #1

0026 ---- fa01                         cmp         R7, #TASK_COUNT
0027 ---- bef2                         bneq        /loop

                                       ; Update which tasks are ...
0028 ---- 78a9                         ld          R7, [#fwCtrlExt/bvActiveTasks]
                                       ; ... currently active ...
0029 ---- 68ab                         ld          R6, [#fwCtrlExt/bvTaskInitializeReq]
002a ---- fd0e                         or          R7, R6
                                       ; ... and inactive ...
002b ---- 68ad                         ld          R6, [#fwCtrlExt/bvTaskTerminateReq]
002c ---- ed92                         inv         R6
002d ---- fd06                         and         R7, R6
002e ---- 7ca9                         st          R7, [#fwCtrlExt/bvActiveTasks]

                                       ; We're READY for another request
002f ---- 6440                         iobset      #IOB_EVCTL_SWEV_READY, [#IOP_EVCTL_SWEVSET]

                                       ; Generate an ALERT interrupt (if requested) and return to sleep
0030 ---- 047f                         jmp         PowerDownSequence;

               /handleReq:
                                       ; Restore the task ID, and load the function pointer (here to avoid pipeline hazard)
0031 ---- 78a2                         ld          R7, [#fwCtrlInt/taskId]
0032 ---- 8f1f                         ld          R0, [R7+R0]

                                       ; Skip this request?
0033 ---- ed8f                         lsr         R6, R7
0034 ---- ec01                         tst         R6, #0x0001
0035 ---- be01                         bnz         /noSkip
0036 ---- adb7                             rts
               /noSkip:
                                       ; Make the call by jump, with return (rts) in the "called" function
0037 ---- 8db7                         jmp         R0




               EventManTrigVector:
                                       ; Clear wake-up event
0038 ---- 755b                         iobset      #IOB_SYSIF_WUFLAGS_SW_WU1, [#IOP_SYSIF_WUFLAGSCLR]
0039 ---- 555b                         iobclr      #IOB_SYSIF_WUFLAGS_SW_WU1, [#IOP_SYSIF_WUFLAGSCLR]

                                       ; Reconfigure the programmable wake-up, and trigger it
003a ---- 78a7                         ld          R7, [#fwCtrlInt/progwucfgManTrigReg]
003b ---- 60bf                         ld          R6, #(BV_SYSIF_PROGWUCFG_POL | SYSIF_PROGWUCFG_SRC_NO_EVENT)
003c ---- ef27                         out         R6, [R7]
003d ---- e240                         or          R6, #BV_SYSIF_PROGWUCFG_EN
003e ---- ef27                         out         R6, [R7]

                                       ; Indicate completion
003f ---- 7000                         ld          R7, #0x0000
0040 ---- 7ca7                         st          R7, [#fwCtrlInt/progwucfgManTrigReg]

                                       ; Generate an ALERT interrupt (if requested) and return to sleep
0041 ---- 047f                         jmp         PowerDownSequence;




               AonRtcCh2Vector:
                                       ; Start clearing the RTC event
0042 ---- 6477                         iobset      #0, [#IOP_SYSIF_RTCEVCLR]

                                       ; For each task (R0 is the current task ID) ...
0043 ---- 0000                         ld          R0, #0
               /loop:
                                           ; ... that is active ...
0044 ---- 18a9                             ld          R1, [#fwCtrlExt/bvActiveTasks]
0045 ---- 9d88                             lsr         R1, R0
0046 ---- 9c01                             tst         R1, #0x0001
0047 ---- b60e                             bz          /skip

                                               ; Fetch number of RTC intervals until next execution
0048 ---- 109e                                 ld          R1, #pFwTaskExecuteScheduleTable
0049 ---- af19                                 ld          R2, [R1+R0]

                                               ; If not already 0, decrement and store. If then 0 ...
004a ---- aa00                                 cmp         R2, #0
004b ---- b60a                                 beq         /skip
004c ---- a8ff                                 add         R2, #-1
004d ---- af39                                 st          R2, [R1+R0]
004e ---- be07                                 bnz         /skip

                                                   ; ... execute the task
004f ---- 0ca2                                     st          R0, [#fwCtrlInt/taskId]
0050 8600 88a0                                     add         R0, #pFwTaskExecuteFuncTable
0052 ---- 8f08                                     ld          R0, [R0]
                                                   ; Insert NOP to avoid pipeline hazard
0053 ---- fd47                                     nop
0054 ---- 9db7                                     jsr         R0
0055 ---- 08a2                                     ld          R0, [#fwCtrlInt/taskId]
               /skip:
                                           ; Move on to the next task
0056 ---- 8801                             add         R0, #1

0057 ---- 8a01                         cmp         R0, #TASK_COUNT
0058 ---- beeb                         bneq        /loop

                                       ; Wait for the RTC CH2 event clearing to finish
0059 ---- 254f /waitOnRtcEvClr:        iobtst      #IOB_EVCTL_EVSTAT2L_AON_RTC_CH2, [#IOP_EVCTL_EVSTAT2L]
005a ---- aefe                         biob1       /waitOnRtcEvClr

                                       ; Clear event edge detector
005b ---- 645b                         iobset      #IOB_SYSIF_WUFLAGS_PROG_WU0, [#IOP_SYSIF_WUFLAGSCLR]
005c ---- 445b                         iobclr      #IOB_SYSIF_WUFLAGS_PROG_WU0, [#IOP_SYSIF_WUFLAGSCLR]

                                       ; End clearing the RTC event
005d ---- 4477                         iobclr      #0, [#IOP_SYSIF_RTCEVCLR]

                                       ; Generate an ALERT interrupt (if requested) and return to sleep
005e ---- 047f                         jmp         PowerDownSequence;




               Event0Vector:
                                       ; Disable and clear wake-up event
005f ---- 5656                         iobclr      #IOB_SYSIF_PROGWUCFG_EN,        [#IOP_SYSIF_PROGWU1CFG] ; Disable source
0060 ---- 655b                         iobset      #IOB_SYSIF_WUFLAGS_PROG_WU1,    [#IOP_SYSIF_WUFLAGSCLR] ; Clear edge detector
0061 ---- 455b                         iobclr      #IOB_SYSIF_WUFLAGS_PROG_WU1,    [#IOP_SYSIF_WUFLAGSCLR]

                                       ; Set the task ID and active event index
0062 ---- 0000                         ld          R0, #0
0063 ---- 0ca2                         st          R0, [#fwCtrlInt/taskId]
0064 ---- 0001                         ld          R0, #(1 << 0)
0065 ---- 0ca3                         st          R0, [#fwCtrlInt/bvActiveEvent]

                                       ; Jump to the event task code
0066 ---- 1416                         jsr         FwEmptyFunc

                                       ; Generate an ALERT interrupt (if requested) and return to sleep
0067 ---- 047f                         jmp         PowerDownSequence;




               Event1Vector:
                                       ; Disable and clear wake-up event
0068 ---- 5657                         iobclr      #IOB_SYSIF_PROGWUCFG_EN,        [#IOP_SYSIF_PROGWU2CFG] ; Disable source
0069 ---- 665b                         iobset      #IOB_SYSIF_WUFLAGS_PROG_WU2,    [#IOP_SYSIF_WUFLAGSCLR] ; Clear edge detector
006a ---- 465b                         iobclr      #IOB_SYSIF_WUFLAGS_PROG_WU2,    [#IOP_SYSIF_WUFLAGSCLR]

                                       ; Set the task ID and active event index
006b ---- 0000                         ld          R0, #0
006c ---- 0ca2                         st          R0, [#fwCtrlInt/taskId]
006d ---- 0002                         ld          R0, #(1 << 1)
006e ---- 0ca3                         st          R0, [#fwCtrlInt/bvActiveEvent]

                                       ; Jump to the event task code
006f ---- 1416                         jsr         FwEmptyFunc

                                       ; Generate an ALERT interrupt (if requested) and return to sleep
0070 ---- 047f                         jmp         PowerDownSequence;




               Event2Vector:
                                       ; Disable and clear wake-up event
0071 ---- 5658                         iobclr      #IOB_SYSIF_PROGWUCFG_EN,        [#IOP_SYSIF_PROGWU3CFG] ; Disable source
0072 ---- 675b                         iobset      #IOB_SYSIF_WUFLAGS_PROG_WU3,    [#IOP_SYSIF_WUFLAGSCLR] ; Clear edge detector
0073 ---- 475b                         iobclr      #IOB_SYSIF_WUFLAGS_PROG_WU3,    [#IOP_SYSIF_WUFLAGSCLR]

                                       ; Set the task ID and active event index
0074 ---- 0000                         ld          R0, #0
0075 ---- 0ca2                         st          R0, [#fwCtrlInt/taskId]
0076 ---- 0004                         ld          R0, #(1 << 2)
0077 ---- 0ca3                         st          R0, [#fwCtrlInt/bvActiveEvent]

                                       ; Jump to the event task code
0078 ---- 1416                         jsr         FwEmptyFunc

                                       ; Generate an ALERT interrupt (if requested) and return to sleep
0079 ---- 047f                         jmp         PowerDownSequence;




               TaskAlertAckVector:
                                       ; Clear wake-up event
007a ---- 765b                         iobset      #IOB_SYSIF_WUFLAGS_SW_WU2, [#IOP_SYSIF_WUFLAGSCLR]
007b ---- 565b                         iobclr      #IOB_SYSIF_WUFLAGS_SW_WU2, [#IOP_SYSIF_WUFLAGSCLR]

                                       ; Re-enable generation of ALERT interrupts
007c 86ff 03ff                         ld          R0, #0xFFFF
007e ---- 0ca5                         st          R0, [#fwCtrlInt/alertGenMask]

                                       ; Generate an ALERT interrupt (if requested) and return to sleep
                                       ; -> Fall through




               PowerDownSequence:
                                       ; Let wake-up events propagate to the AON domain
007f ---- 645c                         iobset      #0, [#IOP_SYSIF_WUGATE]

                                       ; Do we have any ALERT-generating flags pending?
0080 ---- 78a4                         ld          R7, [#fwCtrlInt/bvTaskIoAlert]

                                       ; Skip if the last I/O ALERT interrupt has not been acknowledged
0081 ---- 68a5                         ld          R6, [#fwCtrlInt/alertGenMask]
0082 ---- ed37                         tst         R6, R7
0083 ---- b605                         bz          /skipAlertGen

                                           ; Transfer I/O flags from internal to external
0084 ---- 0000                             ld          R0, #0
0085 ---- 0ca4                             st          R0, [#fwCtrlInt/bvTaskIoAlert]
0086 ---- 7caa                             st          R7, [#fwCtrlExt/bvTaskIoAlert]

                                           ; Generate the ALERT interrupt, and clear the generation mask
0087 ---- 6540                             iobset      #IOB_EVCTL_SWEV_ALERT, [#IOP_EVCTL_SWEVSET]
0088 ---- 0ca5                             st          R0, [#fwCtrlInt/alertGenMask]
               /skipAlertGen:
                                       ; Set initial power mode for next executed vector
                                       ; -> Only at initialization

                                       ; If there are no unacknowledged ALERTs and no vectors pending ...
0089 ---- 78a5                         ld          R7, [#fwCtrlInt/alertGenMask]
008a ---- 68a6                         ld          R6, [#fwCtrlInt/alertCanPdAuxMask]
008b ---- fd0e                         or          R7, R6
008c ---- f801                         add         R7, #1 ; 0xFFFF -> 0x0000
008d ---- e95a                         in          R6, [#IOP_SYSIF_WUFLAGS]
008e ---- fd0e                         or          R7, R6
008f ---- be01                         bnz         /noPowerDown

                                           ; Assert the power-down request
0090 ---- 6553                             iobset      #IOB_SYSIF_OPMODE_PD, [#IOP_SYSIF_OPMODEREQ]
               /noPowerDown:
                                       ; Sleep until the next event
0091 ---- bdb7 sleepInstr:             sleep




               PwrRequestAndWaitForActiveMode:
                                       ; Update Reference DAC clock divider before entering active mode
0092 ---- 700b                         ld          R7, #((ACTIVE_MODE_SCE_CLK_FREQ_MHZ / 2) - 1)
0093 ---- fb96                         out         R7, [#IOP_ANAIF_DACSMPLCFG0]

                                       ; Deassert the low-power request
0094 ---- 4453                         iobclr      #IOB_SYSIF_OPMODE_LP, [#IOP_SYSIF_OPMODEREQ]

                                       ; Wait for it to take effect
0095 ---- 2454 /waitForOpmodeAck:      iobtst      #IOB_SYSIF_OPMODE_LP, [#IOP_SYSIF_OPMODEACK]
0096 ---- aefe                         biob1       /waitForOpmodeAck

                                       ; Done
0097 ---- adb7                         rts




               PwrRequestAndWaitForLowPowerMode:
                                       ; Assert the low-power request
0098 ---- 6453                         iobset      #IOB_SYSIF_OPMODE_LP, [#IOP_SYSIF_OPMODEREQ]

                                       ; Wait for it to take effect
0099 ---- 2454 /waitForOpmodeAck:      iobtst      #IOB_SYSIF_OPMODE_LP, [#IOP_SYSIF_OPMODEACK]
009a ---- a6fe                         biob0       /waitForOpmodeAck

                                       ; Update Reference DAC clock divider after leaving active mode
009b ---- 7000                         ld          R7, #(1 - 1)
009c ---- fb96                         out         R7, [#IOP_ANAIF_DACSMPLCFG0]

                                       ; Done
009d ---- adb7                         rts




               ; RTC ticks until next execution, one word for each task
               pFwTaskExecuteScheduleTable:
009e ---- 0000                         dw          #0

               ; Task code function pointers for each task code block, one word for each task
               pFwTaskInitializeFuncTable:
009f ---- 012f                         dw          #adcDataLogger/initialize
               pFwTaskExecuteFuncTable:
00a0 ---- 0134                         dw          #adcDataLogger/execute
               pFwTaskTerminateFuncTable:
00a1 ---- 0158                         dw          #adcDataLogger/terminate

               ; Run-time logging log requests and masks, one bit for each struct, one word for each task
               pRtlTaskLogReqTable:
               ; (Run-time logging is not used in this project)
               pRtlTaskLogMaskTable:
               ; (Run-time logging is not used in this project)


               ; Internal control data
               fwCtrlInt:
00a2 ---- 0000 /taskId:                dw          #0      ; ID of the currently running task
00a3 ---- 0000 /bvActiveEvent:         dw          #0      ; Bit-vector indicating index of the currently active event trigger
00a4 ---- 0000 /bvTaskIoAlert:         dw          #0x0000 ; LSB = Normal data exchange, MSB = Overflow or underflow
00a5 ---- ffff /alertGenMask:          dw          #0xFFFF ; Can generate an ALERT interrupt now? (0xFFFF = yes, 0x0000 = no)
00a6 ---- 0000 /alertCanPdAuxMask:     dw          #0x0000 ; Can power down AUX domain after ALERT interrupt generation? (0xFFFF = yes, 0x0000 = no)
00a7 ---- 0000 /progwucfgManTrigReg:   dw          #0x0000 ; Address of PROGWUnCFG register to be triggered manually by EventManTriggerVector
00a8 ---- 0000 /rtlStructLockReq:      dw          #0x0000 ; Run-time logging struct lock request (0=idle -> 1=requested -> 2=ready -> access -> 0=idle)

               ; External control data, shared with the driver
               fwCtrlExt:
00a9 ---- 0000 /bvActiveTasks:         dw          #0x0000 ; Indicates which tasks are currently active
00aa ---- 0000 /bvTaskIoAlert:         dw          #0x0000 ; LSB = Normal data exchange, MSB = Overflow or underflow
00ab ---- 0000 /bvTaskInitializeReq:   dw          #0x0000 ; Requests tasks to start
00ac ---- 0000 /bvTaskExecuteReq:      dw          #0x0000 ; Requests tasks to execute once immediately
00ad ---- 0000 /bvTaskTerminateReq:    dw          #0x0000 ; Requests tasks to stop


               .segment end "Framework"


               fwTaskDataStructures:
               .segment begin "Task: ADC Data Logger"
               adcDataLogger/cfg:
               adcDataLogger/input:
               adcDataLogger/output:
               adcDataLogger/output/head:
00ae ---- 0000                         dw          #0
               adcDataLogger/output/pSamples:
00af ---- 0000                         dw          #0
00b0 ---- 0000                         dw          #0
00b1 ---- 0000                         dw          #0
00b2 ---- 0000                         dw          #0
00b3 ---- 0000                         dw          #0
00b4 ---- 0000                         dw          #0
00b5 ---- 0000                         dw          #0
00b6 ---- 0000                         dw          #0
00b7 ---- 0000                         dw          #0
00b8 ---- 0000                         dw          #0
00b9 ---- 0000                         dw          #0
00ba ---- 0000                         dw          #0
00bb ---- 0000                         dw          #0
00bc ---- 0000                         dw          #0
00bd ---- 0000                         dw          #0
00be ---- 0000                         dw          #0
00bf ---- 0000                         dw          #0
00c0 ---- 0000                         dw          #0
00c1 ---- 0000                         dw          #0
00c2 ---- 0000                         dw          #0
00c3 ---- 0000                         dw          #0
00c4 ---- 0000                         dw          #0
00c5 ---- 0000                         dw          #0
00c6 ---- 0000                         dw          #0
00c7 ---- 0000                         dw          #0
00c8 ---- 0000                         dw          #0
00c9 ---- 0000                         dw          #0
00ca ---- 0000                         dw          #0
00cb ---- 0000                         dw          #0
00cc ---- 0000                         dw          #0
00cd ---- 0000                         dw          #0
00ce ---- 0000                         dw          #0
00cf ---- 0000                         dw          #0
00d0 ---- 0000                         dw          #0
00d1 ---- 0000                         dw          #0
00d2 ---- 0000                         dw          #0
00d3 ---- 0000                         dw          #0
00d4 ---- 0000                         dw          #0
00d5 ---- 0000                         dw          #0
00d6 ---- 0000                         dw          #0
00d7 ---- 0000                         dw          #0
00d8 ---- 0000                         dw          #0
00d9 ---- 0000                         dw          #0
00da ---- 0000                         dw          #0
00db ---- 0000                         dw          #0
00dc ---- 0000                         dw          #0
00dd ---- 0000                         dw          #0
00de ---- 0000                         dw          #0
00df ---- 0000                         dw          #0
00e0 ---- 0000                         dw          #0
00e1 ---- 0000                         dw          #0
00e2 ---- 0000                         dw          #0
00e3 ---- 0000                         dw          #0
00e4 ---- 0000                         dw          #0
00e5 ---- 0000                         dw          #0
00e6 ---- 0000                         dw          #0
00e7 ---- 0000                         dw          #0
00e8 ---- 0000                         dw          #0
00e9 ---- 0000                         dw          #0
00ea ---- 0000                         dw          #0
00eb ---- 0000                         dw          #0
00ec ---- 0000                         dw          #0
00ed ---- 0000                         dw          #0
00ee ---- 0000                         dw          #0
00ef ---- 0000                         dw          #0
00f0 ---- 0000                         dw          #0
00f1 ---- 0000                         dw          #0
00f2 ---- 0000                         dw          #0
00f3 ---- 0000                         dw          #0
00f4 ---- 0000                         dw          #0
00f5 ---- 0000                         dw          #0
00f6 ---- 0000                         dw          #0
00f7 ---- 0000                         dw          #0
00f8 ---- 0000                         dw          #0
00f9 ---- 0000                         dw          #0
00fa ---- 0000                         dw          #0
00fb ---- 0000                         dw          #0
00fc ---- 0000                         dw          #0
00fd ---- 0000                         dw          #0
00fe ---- 0000                         dw          #0
00ff ---- 0000                         dw          #0
0100 ---- 0000                         dw          #0
0101 ---- 0000                         dw          #0
0102 ---- 0000                         dw          #0
0103 ---- 0000                         dw          #0
0104 ---- 0000                         dw          #0
0105 ---- 0000                         dw          #0
0106 ---- 0000                         dw          #0
0107 ---- 0000                         dw          #0
0108 ---- 0000                         dw          #0
0109 ---- 0000                         dw          #0
010a ---- 0000                         dw          #0
010b ---- 0000                         dw          #0
010c ---- 0000                         dw          #0
010d ---- 0000                         dw          #0
010e ---- 0000                         dw          #0
010f ---- 0000                         dw          #0
0110 ---- 0000                         dw          #0
0111 ---- 0000                         dw          #0
0112 ---- 0000                         dw          #0
0113 ---- 0000                         dw          #0
0114 ---- 0000                         dw          #0
0115 ---- 0000                         dw          #0
0116 ---- 0000                         dw          #0
0117 ---- 0000                         dw          #0
0118 ---- 0000                         dw          #0
0119 ---- 0000                         dw          #0
011a ---- 0000                         dw          #0
011b ---- 0000                         dw          #0
011c ---- 0000                         dw          #0
011d ---- 0000                         dw          #0
011e ---- 0000                         dw          #0
011f ---- 0000                         dw          #0
0120 ---- 0000                         dw          #0
0121 ---- 0000                         dw          #0
0122 ---- 0000                         dw          #0
0123 ---- 0000                         dw          #0
0124 ---- 0000                         dw          #0
0125 ---- 0000                         dw          #0
0126 ---- 0000                         dw          #0
0127 ---- 0000                         dw          #0
0128 ---- 0000                         dw          #0
0129 ---- 0000                         dw          #0
012a ---- 0000                         dw          #0
012b ---- 0000                         dw          #0
012c ---- 0000                         dw          #0
012d ---- 0000                         dw          #0
012e ---- 0000                         dw          #0
               adcDataLogger/state:
               .segment end "Task: ADC Data Logger"


               .segment begin "Task: ADC Data Logger"
               adcDataLogger/initialize:
               ;? // Select ADC input
               ;? adcSelectGpioInput(AUXIO_A_SENSOR_OUTPUT);
012f ---- 701a                         ld          R7, #26
0130 ---- 1559                         jsr         AdccompbSelectGpioInput
               ;?
               ;? // Schedule the first execution
               ;? fwScheduleTask(1);
0131 ---- 0001                         ld          R0, #1
0132 ---- 0c9e                         st          R0, [#(pFwTaskExecuteScheduleTable + 0)]
               adcDataLogger/initializeDone:
0133 ---- adb7                         rts




               adcDataLogger/execute:
               ;? // Enable the ADC
               ;? adcEnableSync(ADC_REF_FIXED, ADC_SAMPLE_TIME_2P7_US, ADC_TRIGGER_MANUAL);
0134 ---- 0020                         ld          R0, #32
0135 ---- 8b49                         out         R0, [#IOP_EVCTL_PROGDLY]
0136 ---- 8db1                         wev1        #WEVSEL_PROG_DLY
0137 ---- 0041                         ld          R0, #((0 | (((3 < 6) & (!0)) * ADI16_ADCREF_REF_ON_IDLE)) | ADI16_ADCREF_EN)
0138 ---- 8b9f                         out         R0, [#IOP_ADISET_ADCREF]
0139 863f 0301                         ld          R0, #((63 << 8) | 0x0001)
013b ---- 6467                         iobset      #IOB_SYSIF_ADCCLKCTL_REQ, [#IOP_SYSIF_ADCCLKCTL]
               /id0206:
013c ---- 2567                         iobtst      #IOB_SYSIF_ADCCLKCTL_ACK, [#IOP_SYSIF_ADCCLKCTL]
013d ---- a6fe                         biob0       /id0206
013e ---- 8b8e                         out         R0, [#IOP_ANAIF_ADCCTL]
013f ---- 0078                         ld          R0, #BV_ADI16_ADC_SMPL_CYCLE_EXP
0140 ---- 8ba6                         out         R0, [#IOP_ADICLR_ADC]
0141 ---- 0018                         ld          R0, #(3 << BI_ADI16_ADC_SMPL_CYCLE_EXP)
0142 ---- 8b9e                         out         R0, [#IOP_ADISET_ADC]
0143 ---- 0003                         ld          R0, #(ADI16_ADC_EN | ADI16_ADC_RESET_N)
0144 ---- 8b9e                         out         R0, [#IOP_ADISET_ADC]
0145 ---- 8b9e                         out         R0, [#IOP_ADISET_ADC]
0146 ---- 8b9e                         out         R0, [#IOP_ADISET_ADC]
0147 ---- 8b9e                         out         R0, [#IOP_ADISET_ADC]
               ;?
               ;? // Sample the sensor
               ;? U16 n = output.head;
0148 ---- 08ae                         ld          R0, [#adcDataLogger/output/head]
               ;? adcGenManualTrigger();
0149 ---- 6491                         iobset      #0, [#IOP_ANAIF_ADCTRIG]
               ;? adcReadFifo(output.pSamples[n]);
014a ---- edb1                         wev1        #WEVSEL_ADC_FIFO_NOT_EMPTY
014b ---- 9990                         in          R1, [#IOP_ANAIF_ADCFIFO]
014c ---- 20af                         ld          R2, #(adcDataLogger/output/pSamples + 0)
014d ---- 9f3a                         st          R1, [R2+R0]
               ;? utilIncrAndWrap(n, BUFFER_SIZE; output.head);
014e ---- 8801                         add         R0, #1
014f 8600 8a80                         cmp         R0, #128
0151 ---- be01                         bneq        /id0211
0152 ---- 0000                         ld          R0, #0
               /id0211:
0153 ---- 0cae                         st          R0, [#adcDataLogger/output/head]
               ;?
               ;? // Disable the ADC
               ;? adcDisable();
0154 ---- 1564                         jsr         AdcDisable
               ;?
               ;? // Schedule the next execution
               ;? fwScheduleTask(1);
0155 ---- 0001                         ld          R0, #1
0156 ---- 0c9e                         st          R0, [#(pFwTaskExecuteScheduleTable + 0)]
               adcDataLogger/executeDone:
0157 ---- adb7                         rts




               adcDataLogger/terminate:
               ;?
               adcDataLogger/terminateDone:
0158 ---- adb7                         rts
               .segment end "Task: ADC Data Logger"


               .segment begin "Procedure Library"
               ; PARAMETERS:
               ;     R7 = AUX I/O index (19-26)
               ;
               ; CLOBBERS:
               ;     R6, R7
               AdccompbSelectGpioInput:
                                       ; Make sure that the AUX I/O index is valid
0159 ---- f8ed                         add         R7, #-ADI_ANALOG_MUX_AUXIO_BASE_INDEX
015a ---- f007                         and         R7, #0x0007

                                       ; Disconnect all signals
015b 86ff 63f8                         ld          R6, #(BV_ADI16_MUX2_ADCCOMPB_IN | BV_ADI16_MUX3_ADCCOMPB_IN)
015d ---- eba3                         out         R6, [#IOP_ADICLR_MUX2_MUX3]

                                       ; Connect the specified GPIO
015e 8680 6000                         ld          R6, #ADI16_MUX3_ADCCOMPB_IN_AUXIO0
0160 ---- ed8f                         lsr         R6, R7
0161 ---- eb9b                         out         R6, [#IOP_ADISET_MUX2_MUX3]

                                       ; Flush the ADI interface
0162 ---- eb9b                         out         R6, [#IOP_ADISET_MUX2_MUX3]

0163 ---- adb7                         rts




               ; CLOBBERS:
               ;     R7
               AdcDisable:
                                       ; Disable the ADC reference
0164 ---- 7079                         ld          R7, #((ADI16_ADCREF_EN | ADI16_ADCREF_REF_ON_IDLE) | (ADI16_ADCREF_SRC | (ADI16_ADCREF_EXT | ADI16_ADCREF_IOMUX)))
0165 ---- fba7                         out         R7, [#IOP_ADICLR_ADCREF]

                                       ; Assert reset and disable the ADC
0166 ---- 71fb                         ld          R7, #((ADI16_ADC_EN | ADI16_ADC_RESET_N) | (BV_ADI16_ADC_SMPL_CYCLE_EXP | (BV_ADI16_ADC_SMPL_MODE | ADI16_ADC_SCALE_DIS)))
0167 ---- fba6                         out         R7, [#IOP_ADICLR_ADC]

                                       ; Flush the ADI interface
0168 ---- fba6                         out         R7, [#IOP_ADICLR_ADC]

                                       ; Disable the ADC clock (no need to wait since IOB_SYSIF_ADCCLKCTL_ACK goes low immediately)
0169 ---- 4467                         iobclr      #IOB_SYSIF_ADCCLKCTL_REQ, [#IOP_SYSIF_ADCCLKCTL]

                                       ; Disable the ADC data interface
016a ---- 448e                         iobclr      #0, [#IOP_ANAIF_ADCCTL]

016b ---- adb7                         rts
               .segment end "Procedure Library"


; Generated by LT5CD3044HTN at 2026-05-27 16:16:19.029
